Compiling the CXX compiler identification source file "CMakeCXXCompilerId.cpp" failed.
Compiler: /usr/bin/c++ 
Build flags: 
Id flags:  

The output was:
1
cc1plus: fatal error: CMakeCXXCompilerId.cpp: No such file or directory
compilation terminated.


Compiling the CXX compiler identification source file "CMakeCXXCompilerId.cpp" failed.
Compiler: /usr/bin/c++ 
Build flags: 
Id flags:  

The output was:
1
c++: error: CMakeCXXCompilerId.cpp: No such file or directory
c++: fatal error: no input files
compilation terminated.


Compiling the CXX compiler identification source file "CMakeCXXCompilerId.cpp" failed.
Compiler: /usr/bin/c++ 
Build flags: 
Id flags: -c 

The output was:
1
c++: error: CMakeCXXCompilerId.cpp: No such file or directory
c++: fatal error: no input files
compilation terminated.


Compiling the CXX compiler identification source file "CMakeCXXCompilerId.cpp" failed.
Compiler: /usr/bin/c++ 
Build flags: 
Id flags: -c 

The output was:
1
c++: error: CMakeCXXCompilerId.cpp: No such file or directory
c++: fatal error: no input files
compilation terminated.


Compiling the CXX compiler identification source file "CMakeCXXCompilerId.cpp" failed.
Compiler: /usr/bin/c++ 
Build flags: 
Id flags: --c++ 

The output was:
1
c++: error: CMakeCXXCompilerId.cpp: No such file or directory
c++: error: unrecognized command line option ‘--c++’
c++: fatal error: no input files
compilation terminated.


Compiling the CXX compiler identification source file "CMakeCXXCompilerId.cpp" failed.
Compiler: /usr/bin/c++ 
Build flags: 
Id flags: --c++ 

The output was:
1
c++: error: CMakeCXXCompilerId.cpp: No such file or directory
c++: error: unrecognized command line option ‘--c++’
c++: fatal error: no input files
compilation terminated.


Compiling the CXX compiler identification source file "CMakeCXXCompilerId.cpp" failed.
Compiler: /usr/bin/c++ 
Build flags: 
Id flags: --ec++ 

The output was:
1
c++: error: CMakeCXXCompilerId.cpp: No such file or directory
c++: error: unrecognized command line option ‘--ec++’; did you mean ‘-Weffc++’?
c++: fatal error: no input files
compilation terminated.


Compiling the CXX compiler identification source file "CMakeCXXCompilerId.cpp" failed.
Compiler: /usr/bin/c++ 
Build flags: 
Id flags: --ec++ 

The output was:
1
c++: error: CMakeCXXCompilerId.cpp: No such file or directory
c++: error: unrecognized command line option ‘--ec++’; did you mean ‘-Weffc++’?
c++: fatal error: no input files
compilation terminated.


Compiling the CXX compiler identification source file "CMakeCXXCompilerId.cpp" failed.
Compiler: /usr/bin/c++ 
Build flags: 
Id flags: --target=arm-arm-none-eabi;-mcpu=cortex-m3 

The output was:
1
c++: warning: ‘-mcpu=’ is deprecated; use ‘-mtune=’ or ‘-march=’ instead
c++: error: CMakeCXXCompilerId.cpp: No such file or directory
c++: error: unrecognized command line option ‘--target=arm-arm-none-eabi’
c++: fatal error: no input files
compilation terminated.


Compiling the CXX compiler identification source file "CMakeCXXCompilerId.cpp" failed.
Compiler: /usr/bin/c++ 
Build flags: 
Id flags: --target=arm-arm-none-eabi;-mcpu=cortex-m3 

The output was:
1
c++: warning: ‘-mcpu=’ is deprecated; use ‘-mtune=’ or ‘-march=’ instead
c++: error: CMakeCXXCompilerId.cpp: No such file or directory
c++: error: unrecognized command line option ‘--target=arm-arm-none-eabi’
c++: fatal error: no input files
compilation terminated.


Compiling the CXX compiler identification source file "CMakeCXXCompilerId.cpp" failed.
Compiler: /usr/bin/c++ 
Build flags: 
Id flags:  

The output was:
1
c++: error: CMakeCXXCompilerId.cpp: No such file or directory
c++: fatal error: no input files
compilation terminated.


Compiling the CXX compiler identification source file "CMakeCXXCompilerId.cpp" failed.
Compiler: /usr/bin/c++ 
Build flags: 
Id flags:  

The output was:
1
c++: error: CMakeCXXCompilerId.cpp: No such file or directory
c++: fatal error: no input files
compilation terminated.


Compiling the CXX compiler identification source file "CMakeCXXCompilerId.cpp" failed.
Compiler: /usr/bin/c++ 
Build flags: 
Id flags: -c 

The output was:
1
c++: error: CMakeCXXCompilerId.cpp: No such file or directory
c++: fatal error: no input files
compilation terminated.


Compiling the CXX compiler identification source file "CMakeCXXCompilerId.cpp" failed.
Compiler: /usr/bin/c++ 
Build flags: 
Id flags: -c 

The output was:
1
c++: error: CMakeCXXCompilerId.cpp: No such file or directory
c++: fatal error: no input files
compilation terminated.


Compiling the CXX compiler identification source file "CMakeCXXCompilerId.cpp" failed.
Compiler: /usr/bin/c++ 
Build flags: 
Id flags: --c++ 

The output was:
1
c++: error: CMakeCXXCompilerId.cpp: No such file or directory
c++: error: unrecognized command line option ‘--c++’
c++: fatal error: no input files
compilation terminated.


Compiling the CXX compiler identification source file "CMakeCXXCompilerId.cpp" failed.
Compiler: /usr/bin/c++ 
Build flags: 
Id flags: --c++ 

The output was:
1
c++: error: CMakeCXXCompilerId.cpp: No such file or directory
c++: error: unrecognized command line option ‘--c++’
c++: fatal error: no input files
compilation terminated.


Compiling the CXX compiler identification source file "CMakeCXXCompilerId.cpp" failed.
Compiler: /usr/bin/c++ 
Build flags: 
Id flags: --ec++ 

The output was:
1
c++: error: CMakeCXXCompilerId.cpp: No such file or directory
c++: error: unrecognized command line option ‘--ec++’; did you mean ‘-Weffc++’?
c++: fatal error: no input files
compilation terminated.


Compiling the CXX compiler identification source file "CMakeCXXCompilerId.cpp" failed.
Compiler: /usr/bin/c++ 
Build flags: 
Id flags: --ec++ 

The output was:
1
c++: error: CMakeCXXCompilerId.cpp: No such file or directory
c++: error: unrecognized command line option ‘--ec++’; did you mean ‘-Weffc++’?
c++: fatal error: no input files
compilation terminated.


Compiling the CXX compiler identification source file "CMakeCXXCompilerId.cpp" failed.
Compiler: /usr/bin/c++ 
Build flags: 
Id flags: --target=arm-arm-none-eabi;-mcpu=cortex-m3 

The output was:
1
c++: warning: ‘-mcpu=’ is deprecated; use ‘-mtune=’ or ‘-march=’ instead
c++: error: CMakeCXXCompilerId.cpp: No such file or directory
c++: error: unrecognized command line option ‘--target=arm-arm-none-eabi’
c++: fatal error: no input files
compilation terminated.


Compiling the CXX compiler identification source file "CMakeCXXCompilerId.cpp" failed.
Compiler: /usr/bin/c++ 
Build flags: 
Id flags: --target=arm-arm-none-eabi;-mcpu=cortex-m3 

The output was:
1
c++: warning: ‘-mcpu=’ is deprecated; use ‘-mtune=’ or ‘-march=’ instead
c++: error: unrecognized command line option ‘--target=arm-arm-none-eabi’


Checking whether the CXX compiler is IAR using "" did not match "IAR .+ Compiler":
c++: fatal error: no input files
compilation terminated.
Checking whether the CXX compiler is IAR using "" did not match "IAR .+ Compiler":
c++: fatal error: no input files
compilation terminated.
Checking whether the CXX compiler is IAR using "" did not match "IAR .+ Compiler":
c++: fatal error: no input files
compilation terminated.
Checking whether the CXX compiler is IAR using "" did not match "IAR .+ Compiler":
c++: fatal error: no input files
compilation terminated.
Determining if the CXX compiler works failed with the following output:
Change Dir: /mnt/c/Users/x/linux_projects/IO_Multiplexing/epoll/epoll_example_level_trigger(default)/server/out/build/linux-debug/CMakeFiles/CMakeTmp

Run Build Command(s):/usr/bin/ninja cmTC_16b64 && [1/2] Building CXX object CMakeFiles/cmTC_16b64.dir/testCXXCompiler.cxx.o
FAILED: CMakeFiles/cmTC_16b64.dir/testCXXCompiler.cxx.o 
/usr/bin/c++     -o CMakeFiles/cmTC_16b64.dir/testCXXCompiler.cxx.o -c testCXXCompiler.cxx
c++: error: testCXXCompiler.cxx: No such file or directory
c++: fatal error: no input files
compilation terminated.
ninja: build stopped: subcommand failed.



The C compiler identification could not be found in "/mnt/c/Users/x/linux_projects/IO_Multiplexing/epoll/epoll_example_level_trigger(default)/server/out/build/linux-debug/CMakeFiles/3.16.3/CompilerIdC/a.out"

Compilation of the C compiler identification source "CMakeCCompilerId.c" did not produce an executable in "/mnt/c/Users/x/linux_projects/IO_Multiplexing/epoll/epoll_example_level_trigger(default)/server/out/build/linux-debug/CMakeFiles/3.16.3/CompilerIdC".

Compiling the C compiler identification source file "CMakeCCompilerId.c" failed.
Compiler: /usr/bin/cc 
Build flags: 
Id flags: -c 

The output was:
1
cc: error: CMakeCCompilerId.c: No such file or directory
cc: fatal error: no input files
compilation terminated.


Compiling the C compiler identification source file "CMakeCCompilerId.c" failed.
Compiler: /usr/bin/cc 
Build flags: 
Id flags: -c 

The output was:
1
cc: error: CMakeCCompilerId.c: No such file or directory
cc: fatal error: no input files
compilation terminated.


Compiling the C compiler identification source file "CMakeCCompilerId.c" failed.
Compiler: /usr/bin/cc 
Build flags: 
Id flags: -Aa 

The output was:
1
cc: error: CMakeCCompilerId.c: No such file or directory
cc: fatal error: no input files
compilation terminated.


Compiling the C compiler identification source file "CMakeCCompilerId.c" failed.
Compiler: /usr/bin/cc 
Build flags: 
Id flags: -Aa 

The output was:
1
cc: error: CMakeCCompilerId.c: No such file or directory
cc: fatal error: no input files
compilation terminated.


Determining if the C compiler works failed with the following output:
Change Dir: /mnt/c/Users/x/linux_projects/IO_Multiplexing/epoll/epoll_example_level_trigger(default)/server/out/build/linux-debug/CMakeFiles/CMakeTmp

Run Build Command(s):/usr/bin/ninja cmTC_47305 && ninja: error: unknown target 'cmTC_47305'



Determining if the C compiler works failed with the following output:
Change Dir: /mnt/c/Users/x/linux_projects/IO_Multiplexing/epoll/epoll_example_level_trigger(default)/server/out/build/linux-debug/CMakeFiles/CMakeTmp

Run Build Command(s):/usr/bin/ninja cmTC_5c92f && [1/2] Building C object CMakeFiles/cmTC_5c92f.dir/testCCompiler.c.o
FAILED: CMakeFiles/cmTC_5c92f.dir/testCCompiler.c.o 
/usr/bin/cc    -o CMakeFiles/cmTC_5c92f.dir/testCCompiler.c.o   -c testCCompiler.c
cc: error: testCCompiler.c: No such file or directory
cc: fatal error: no input files
compilation terminated.
ninja: build stopped: subcommand failed.



